<?xml version="1.0" encoding="UTF-8"?>
<!-- Generated by org.testng.reporters.JUnitReportReporter -->
<testsuite skipped="0" hostname="qaplanet-PC" name="MaveanGI.MavenAI.LoginTest" tests="1" failures="0" timestamp="24 Jul 2019 14:35:00 GMT" time="15.960" errors="0">
  <testcase name="TC21" time="15.960" classname="MaveanGI.MavenAI.LoginTest"/>
</testsuite> <!-- MaveanGI.MavenAI.LoginTest -->
