<?xml version="1.0" encoding="UTF-8"?>
<!-- Generated by org.testng.reporters.JUnitReportReporter -->
<testsuite skipped="0" hostname="qaplanet-PC" name="MaveanGI.MavenAI.Login_TC2Test" tests="1" failures="0" timestamp="24 Jul 2019 14:35:00 GMT" time="13.964" errors="0">
  <testcase name="TC2" time="13.964" classname="MaveanGI.MavenAI.Login_TC2Test"/>
</testsuite> <!-- MaveanGI.MavenAI.Login_TC2Test -->
