<?xml version="1.0" encoding="UTF-8"?>
<!-- Generated by org.testng.reporters.JUnitReportReporter -->
<testsuite skipped="0" hostname="qaplanet-PC" name="MaveanGI.MavenAI.Login" tests="1" failures="0" timestamp="23 Jul 2019 07:33:40 GMT" time="11.111" errors="0">
  <testcase name="TC21" time="11.111" classname="MaveanGI.MavenAI.Login"/>
</testsuite> <!-- MaveanGI.MavenAI.Login -->
