<?xml version="1.0" encoding="UTF-8"?>
<!-- Generated by org.testng.reporters.JUnitReportReporter -->
<testsuite skipped="0" hostname="qaplanet-PC" name="datadriven.Datadrv" tests="4" failures="0" timestamp="15 Jul 2019 14:15:07 GMT" time="68.737" errors="0">
  <testcase name="TC1" time="20.110" classname="datadriven.Datadrv"/>
  <testcase name="TC1" time="17.795" classname="datadriven.Datadrv"/>
  <testcase name="TC1" time="13.978" classname="datadriven.Datadrv"/>
  <testcase name="TC1" time="16.854" classname="datadriven.Datadrv"/>
</testsuite> <!-- datadriven.Datadrv -->
